<?xml version="1.0" encoding="UTF-8"?>
<testng-results ignored="0" total="1" passed="1" failed="0" skipped="0">
  <reporter-output>
  </reporter-output>
  <suite started-at="2024-10-07T22:37:39 IST" name="Default suite" finished-at="2024-10-07T22:37:49 IST" duration-ms="10496">
    <groups>
    </groups>
    <test started-at="2024-10-07T22:37:39 IST" name="Default test" finished-at="2024-10-07T22:37:49 IST" duration-ms="10496">
      <class name="curahealth.DoLogin">
        <test-method is-config="true" signature="setup()[pri:0, instance:curahealth.DoLogin@45099dd3]" started-at="2024-10-07T22:37:39 IST" name="setup" finished-at="2024-10-07T22:37:41 IST" duration-ms="2652" status="PASS">
          <reporter-output>
          </reporter-output>
        </test-method> <!-- setup -->
        <test-method signature="ComplexLogin()[pri:0, instance:curahealth.DoLogin@45099dd3]" started-at="2024-10-07T22:37:41 IST" name="ComplexLogin" finished-at="2024-10-07T22:37:45 IST" duration-ms="3842" status="PASS">
          <reporter-output>
          </reporter-output>
        </test-method> <!-- ComplexLogin -->
        <test-method is-config="true" signature="fillForm()[pri:0, instance:curahealth.DoLogin@45099dd3]" started-at="2024-10-07T22:37:45 IST" name="fillForm" finished-at="2024-10-07T22:37:46 IST" duration-ms="895" status="PASS">
          <reporter-output>
          </reporter-output>
        </test-method> <!-- fillForm -->
        <test-method is-config="true" signature="end()[pri:0, instance:curahealth.DoLogin@45099dd3]" started-at="2024-10-07T22:37:46 IST" name="end" finished-at="2024-10-07T22:37:49 IST" duration-ms="3058" status="PASS">
          <reporter-output>
          </reporter-output>
        </test-method> <!-- end -->
      </class> <!-- curahealth.DoLogin -->
    </test> <!-- Default test -->
  </suite> <!-- Default suite -->
</testng-results>
